{
  cod: '400',
  message: 'data Nothing to geocode',
  level: 'info',
  timestamp: '2022-05-22T16:52:07.982Z'
}
{
  level: 'info',
  message: 'city',
  timestamp: '2022-05-22T16:52:07.984Z'
}
{
  level: 'error',
  message: 'err',
  timestamp: '2022-05-22T16:52:07.984Z'
}
{
  cod: '400',
  message: 'data Nothing to geocode',
  level: 'info',
  timestamp: '2022-05-22T16:52:09.088Z'
}
{
  level: 'info',
  message: 'city',
  timestamp: '2022-05-22T16:52:09.088Z'
}
{
  level: 'error',
  message: 'err',
  timestamp: '2022-05-22T16:52:09.089Z'
}
{
  cod: '400',
  message: 'data Nothing to geocode',
  level: 'info',
  timestamp: '2022-05-22T16:52:41.542Z'
}
{
  level: 'info',
  message: 'city',
  timestamp: '2022-05-22T16:52:41.542Z'
}
{
  level: 'error',
  message: 'err',
  timestamp: '2022-05-22T16:52:41.542Z'
}
{
  cod: '400',
  message: 'data Nothing to geocode',
  level: 'info',
  timestamp: '2022-05-22T16:52:52.869Z'
}
{
  level: 'info',
  message: 'city',
  timestamp: '2022-05-22T16:52:52.870Z'
}
{
  level: 'error',
  message: 'err',
  timestamp: '2022-05-22T16:52:52.872Z'
}
{
  cod: '400',
  message: 'data Nothing to geocode',
  level: 'info',
  timestamp: '2022-05-22T16:52:53.377Z'
}
{
  level: 'info',
  message: 'city',
  timestamp: '2022-05-22T16:52:53.378Z'
}
{
  level: 'error',
  message: 'err',
  timestamp: '2022-05-22T16:52:53.379Z'
}
{
  coord: { lon: 73.8553, lat: 18.5196 },
  weather: [ { id: 800, main: 'Clear', description: 'clear sky', icon: '01n' } ],
  base: 'stations',
  main: {
    temp: 25.18,
    feels_like: 25.79,
    temp_min: 25.18,
    temp_max: 25.18,
    pressure: 1006,
    humidity: 78,
    sea_level: 1006,
    grnd_level: 945
  },
  visibility: 10000,
  wind: { speed: 6.23, deg: 264, gust: 11.62 },
  clouds: { all: 2 },
  dt: 1653238147,
  sys: { country: 'IN', sunrise: 1653179344, sunset: 1653226420 },
  timezone: 19800,
  id: 1259229,
  name: 'Pune',
  cod: 200,
  level: 'info',
  message: 'data',
  timestamp: '2022-05-22T16:53:26.093Z'
}
{
  level: 'info',
  message: 'city',
  timestamp: '2022-05-22T16:53:26.094Z'
}
{
  coord: { lon: 73.8553, lat: 18.5196 },
  weather: [ { id: 800, main: 'Clear', description: 'clear sky', icon: '01n' } ],
  base: 'stations',
  main: {
    temp: 25.18,
    feels_like: 25.79,
    temp_min: 25.18,
    temp_max: 25.18,
    pressure: 1006,
    humidity: 78,
    sea_level: 1006,
    grnd_level: 945
  },
  visibility: 10000,
  wind: { speed: 6.23, deg: 264, gust: 11.62 },
  clouds: { all: 2 },
  dt: 1653238147,
  sys: { country: 'IN', sunrise: 1653179344, sunset: 1653226420 },
  timezone: 19800,
  id: 1259229,
  name: 'Pune',
  cod: 200,
  level: 'info',
  message: 'data',
  timestamp: '2022-05-22T16:53:26.981Z'
}
{
  level: 'info',
  message: 'city',
  timestamp: '2022-05-22T16:53:26.982Z'
}
{
  cod: '400',
  message: 'data Nothing to geocode',
  level: 'info',
  timestamp: '2022-05-22T16:53:31.686Z'
}
{
  level: 'info',
  message: 'city',
  timestamp: '2022-05-22T16:53:31.687Z'
}
{
  level: 'error',
  message: 'err',
  timestamp: '2022-05-22T16:53:31.688Z'
}
{
  cod: '400',
  message: 'data Nothing to geocode',
  level: 'info',
  timestamp: '2022-05-22T16:53:38.078Z'
}
{
  level: 'info',
  message: 'city',
  timestamp: '2022-05-22T16:53:38.078Z'
}
{
  level: 'error',
  message: 'err',
  timestamp: '2022-05-22T16:53:38.079Z'
}
{
  cod: '400',
  message: 'data Nothing to geocode',
  level: 'info',
  timestamp: '2022-05-22T16:53:38.251Z'
}
{
  level: 'info',
  message: 'city',
  timestamp: '2022-05-22T16:53:38.251Z'
}
{
  level: 'error',
  message: 'err',
  timestamp: '2022-05-22T16:53:38.252Z'
}
{
  cod: '400',
  message: 'data Nothing to geocode',
  level: 'info',
  timestamp: '2022-05-22T17:35:56.802Z'
}
{
  level: 'info',
  message: 'city',
  timestamp: '2022-05-22T17:35:56.804Z'
}
{
  level: 'error',
  message: 'err',
  timestamp: '2022-05-22T17:35:56.805Z'
}
{
  coord: { lon: 73.8553, lat: 18.5196 },
  weather: [ { id: 800, main: 'Clear', description: 'clear sky', icon: '01n' } ],
  base: 'stations',
  main: {
    temp: 25.18,
    feels_like: 25.79,
    temp_min: 25.18,
    temp_max: 25.18,
    pressure: 1006,
    humidity: 78,
    sea_level: 1006,
    grnd_level: 945
  },
  visibility: 10000,
  wind: { speed: 6.23, deg: 264, gust: 11.62 },
  clouds: { all: 2 },
  dt: 1653240185,
  sys: { country: 'IN', sunrise: 1653179344, sunset: 1653226420 },
  timezone: 19800,
  id: 1259229,
  name: 'Pune',
  cod: 200,
  level: 'info',
  message: 'data',
  timestamp: '2022-05-22T17:36:06.571Z'
}
{
  level: 'info',
  message: 'city',
  timestamp: '2022-05-22T17:36:06.572Z'
}
{
  coord: { lon: 73.8553, lat: 18.5196 },
  weather: [ { id: 800, main: 'Clear', description: 'clear sky', icon: '01d' } ],
  base: 'stations',
  main: {
    temp: 29.59,
    feels_like: 30.32,
    temp_min: 29.59,
    temp_max: 29.59,
    pressure: 1006,
    humidity: 49,
    sea_level: 1006,
    grnd_level: 946
  },
  visibility: 10000,
  wind: { speed: 8.64, deg: 265, gust: 10.56 },
  clouds: { all: 2 },
  dt: 1653280186,
  sys: { country: 'IN', sunrise: 1653265731, sunset: 1653312843 },
  timezone: 19800,
  id: 1259229,
  name: 'Pune',
  cod: 200,
  level: 'info',
  message: 'data',
  timestamp: '2022-05-23T04:38:46.369Z'
}
{
  level: 'info',
  message: 'city',
  timestamp: '2022-05-23T04:38:46.374Z'
}
{
  coord: { lon: 73.8553, lat: 18.5196 },
  weather: [ { id: 800, main: 'Clear', description: 'clear sky', icon: '01d' } ],
  base: 'stations',
  main: {
    temp: 32.99,
    feels_like: 32.79,
    temp_min: 32.99,
    temp_max: 32.99,
    pressure: 1005,
    humidity: 35,
    sea_level: 1005,
    grnd_level: 946
  },
  visibility: 10000,
  wind: { speed: 8.04, deg: 268, gust: 9.41 },
  clouds: { all: 2 },
  dt: 1653285505,
  sys: { country: 'IN', sunrise: 1653265731, sunset: 1653312843 },
  timezone: 19800,
  id: 1259229,
  name: 'Pune',
  cod: 200,
  level: 'info',
  message: 'data',
  timestamp: '2022-05-23T06:00:02.074Z'
}
{
  level: 'info',
  message: 'city',
  timestamp: '2022-05-23T06:00:02.079Z'
}
{
  cod: '400',
  message: 'data Nothing to geocode',
  level: 'info',
  timestamp: '2022-05-23T06:00:07.800Z'
}
{
  level: 'info',
  message: 'city',
  timestamp: '2022-05-23T06:00:07.800Z'
}
{
  level: 'error',
  message: 'err',
  timestamp: '2022-05-23T06:00:07.801Z'
}
{
  coord: { lon: 73.8553, lat: 18.5196 },
  weather: [ { id: 800, main: 'Clear', description: 'clear sky', icon: '01d' } ],
  base: 'stations',
  main: {
    temp: 32.99,
    feels_like: 32.79,
    temp_min: 32.99,
    temp_max: 32.99,
    pressure: 1005,
    humidity: 35,
    sea_level: 1005,
    grnd_level: 946
  },
  visibility: 10000,
  wind: { speed: 8.04, deg: 268, gust: 9.41 },
  clouds: { all: 2 },
  dt: 1653285037,
  sys: { country: 'IN', sunrise: 1653265731, sunset: 1653312843 },
  timezone: 19800,
  id: 1259229,
  name: 'Pune',
  cod: 200,
  level: 'info',
  message: 'data',
  timestamp: '2022-05-23T06:00:18.041Z'
}
{
  level: 'info',
  message: 'city',
  timestamp: '2022-05-23T06:00:18.042Z'
}
{
  coord: { lon: 73.8553, lat: 18.5196 },
  weather: [ { id: 800, main: 'Clear', description: 'clear sky', icon: '01d' } ],
  base: 'stations',
  main: {
    temp: 32.99,
    feels_like: 32.79,
    temp_min: 32.99,
    temp_max: 32.99,
    pressure: 1005,
    humidity: 35,
    sea_level: 1005,
    grnd_level: 946
  },
  visibility: 10000,
  wind: { speed: 8.04, deg: 268, gust: 9.41 },
  clouds: { all: 2 },
  dt: 1653285037,
  sys: { country: 'IN', sunrise: 1653265731, sunset: 1653312843 },
  timezone: 19800,
  id: 1259229,
  name: 'Pune',
  cod: 200,
  level: 'info',
  message: 'data',
  timestamp: '2022-05-23T06:00:24.902Z'
}
{
  level: 'info',
  message: 'city',
  timestamp: '2022-05-23T06:00:24.903Z'
}
{
  cod: '404',
  message: 'data city not found',
  level: 'info',
  timestamp: '2022-05-23T06:00:31.750Z'
}
{
  level: 'info',
  message: 'city',
  timestamp: '2022-05-23T06:00:31.751Z'
}
{
  level: 'error',
  message: 'err',
  timestamp: '2022-05-23T06:00:31.752Z'
}
{
  cod: '404',
  message: 'data city not found',
  level: 'info',
  timestamp: '2022-05-23T06:04:02.430Z'
}
{
  level: 'info',
  message: 'city',
  timestamp: '2022-05-23T06:04:02.431Z'
}
{
  level: 'error',
  message: 'err',
  timestamp: '2022-05-23T06:04:02.432Z'
}
{
  cod: '404',
  message: 'data city not found',
  level: 'info',
  timestamp: '2022-05-23T06:04:03.509Z'
}
{
  level: 'info',
  message: 'city',
  timestamp: '2022-05-23T06:04:03.509Z'
}
{
  level: 'error',
  message: 'err',
  timestamp: '2022-05-23T06:04:03.510Z'
}
{
  coord: { lon: 73.8553, lat: 18.5196 },
  weather: [ { id: 800, main: 'Clear', description: 'clear sky', icon: '01d' } ],
  base: 'stations',
  main: {
    temp: 32.99,
    feels_like: 32.79,
    temp_min: 32.99,
    temp_max: 32.99,
    pressure: 1005,
    humidity: 35,
    sea_level: 1005,
    grnd_level: 946
  },
  visibility: 10000,
  wind: { speed: 8.04, deg: 268, gust: 9.41 },
  clouds: { all: 2 },
  dt: 1653285601,
  sys: { country: 'IN', sunrise: 1653265731, sunset: 1653312843 },
  timezone: 19800,
  id: 1259229,
  name: 'Pune',
  cod: 200,
  level: 'info',
  message: 'data',
  timestamp: '2022-05-23T06:04:08.219Z'
}
{
  level: 'info',
  message: 'city',
  timestamp: '2022-05-23T06:04:08.221Z'
}
{
  cod: '404',
  message: 'data city not found',
  level: 'info',
  timestamp: '2022-05-23T06:05:01.722Z'
}
{
  level: 'info',
  message: 'city',
  timestamp: '2022-05-23T06:05:01.722Z'
}
{
  level: 'error',
  message: 'err',
  timestamp: '2022-05-23T06:05:01.724Z'
}
{
  coord: { lon: 73.8553, lat: 18.5196 },
  weather: [ { id: 800, main: 'Clear', description: 'clear sky', icon: '01d' } ],
  base: 'stations',
  main: {
    temp: 32.99,
    feels_like: 32.79,
    temp_min: 32.99,
    temp_max: 32.99,
    pressure: 1005,
    humidity: 35,
    sea_level: 1005,
    grnd_level: 946
  },
  visibility: 10000,
  wind: { speed: 8.04, deg: 268, gust: 9.41 },
  clouds: { all: 2 },
  dt: 1653285601,
  sys: { country: 'IN', sunrise: 1653265731, sunset: 1653312843 },
  timezone: 19800,
  id: 1259229,
  name: 'Pune',
  cod: 200,
  level: 'info',
  message: 'data',
  timestamp: '2022-05-23T06:05:08.837Z'
}
{
  level: 'info',
  message: 'city',
  timestamp: '2022-05-23T06:05:08.838Z'
}
{
  cod: '400',
  message: 'data Nothing to geocode',
  level: 'info',
  timestamp: '2022-05-23T06:05:19.103Z'
}
{
  level: 'info',
  message: 'city',
  timestamp: '2022-05-23T06:05:19.103Z'
}
{
  level: 'error',
  message: 'err',
  timestamp: '2022-05-23T06:05:19.104Z'
}
{
  cod: '404',
  message: 'data city not found',
  level: 'info',
  timestamp: '2022-05-23T06:05:29.366Z'
}
{
  level: 'info',
  message: 'city',
  timestamp: '2022-05-23T06:05:29.367Z'
}
{
  level: 'error',
  message: 'err',
  timestamp: '2022-05-23T06:05:29.368Z'
}
{
  cod: '400',
  message: 'data Nothing to geocode',
  level: 'info',
  timestamp: '2022-05-23T06:05:29.369Z'
}
{
  level: 'info',
  message: 'city',
  timestamp: '2022-05-23T06:05:29.370Z'
}
{
  level: 'error',
  message: 'err',
  timestamp: '2022-05-23T06:05:29.371Z'
}
{
  cod: '404',
  message: 'data city not found',
  level: 'info',
  timestamp: '2022-05-23T06:05:29.372Z'
}
{
  level: 'info',
  message: 'city',
  timestamp: '2022-05-23T06:05:29.372Z'
}
{
  level: 'error',
  message: 'err',
  timestamp: '2022-05-23T06:05:29.372Z'
}
{
  cod: '404',
  message: 'data city not found',
  level: 'info',
  timestamp: '2022-05-23T06:05:29.373Z'
}
{
  level: 'info',
  message: 'city',
  timestamp: '2022-05-23T06:05:29.373Z'
}
{
  level: 'error',
  message: 'err',
  timestamp: '2022-05-23T06:05:29.373Z'
}
{
  cod: '404',
  message: 'data city not found',
  level: 'info',
  timestamp: '2022-05-23T06:05:30.748Z'
}
{
  level: 'info',
  message: 'city',
  timestamp: '2022-05-23T06:05:30.749Z'
}
{
  level: 'error',
  message: 'err',
  timestamp: '2022-05-23T06:05:30.750Z'
}
{
  cod: '404',
  message: 'data city not found',
  level: 'info',
  timestamp: '2022-05-23T06:05:37.507Z'
}
{
  level: 'info',
  message: 'city',
  timestamp: '2022-05-23T06:05:37.507Z'
}
{
  level: 'error',
  message: 'err',
  timestamp: '2022-05-23T06:05:37.508Z'
}
{
  coord: { lon: 73.8553, lat: 18.5196 },
  weather: [ { id: 800, main: 'Clear', description: 'clear sky', icon: '01d' } ],
  base: 'stations',
  main: {
    temp: 32.99,
    feels_like: 32.79,
    temp_min: 32.99,
    temp_max: 32.99,
    pressure: 1005,
    humidity: 35,
    sea_level: 1005,
    grnd_level: 946
  },
  visibility: 10000,
  wind: { speed: 8.04, deg: 268, gust: 9.41 },
  clouds: { all: 2 },
  dt: 1653285601,
  sys: { country: 'IN', sunrise: 1653265731, sunset: 1653312843 },
  timezone: 19800,
  id: 1259229,
  name: 'Pune',
  cod: 200,
  level: 'info',
  message: 'data',
  timestamp: '2022-05-23T06:05:42.936Z'
}
{
  level: 'info',
  message: 'city',
  timestamp: '2022-05-23T06:05:42.937Z'
}
{
  cod: '404',
  message: 'data city not found',
  level: 'info',
  timestamp: '2022-05-23T06:05:49.794Z'
}
{
  level: 'info',
  message: 'city',
  timestamp: '2022-05-23T06:05:49.794Z'
}
{
  level: 'error',
  message: 'err',
  timestamp: '2022-05-23T06:05:49.795Z'
}
{
  coord: { lon: 73.8553, lat: 18.5196 },
  weather: [ { id: 800, main: 'Clear', description: 'clear sky', icon: '01d' } ],
  base: 'stations',
  main: {
    temp: 32.99,
    feels_like: 32.79,
    temp_min: 32.99,
    temp_max: 32.99,
    pressure: 1005,
    humidity: 35,
    sea_level: 1005,
    grnd_level: 946
  },
  visibility: 10000,
  wind: { speed: 8.04, deg: 268, gust: 9.41 },
  clouds: { all: 2 },
  dt: 1653285601,
  sys: { country: 'IN', sunrise: 1653265731, sunset: 1653312843 },
  timezone: 19800,
  id: 1259229,
  name: 'Pune',
  cod: 200,
  level: 'info',
  message: 'data',
  timestamp: '2022-05-23T06:05:57.882Z'
}
{
  level: 'info',
  message: 'city',
  timestamp: '2022-05-23T06:05:57.882Z'
}
{
  cod: '404',
  message: 'data city not found',
  level: 'info',
  timestamp: '2022-05-23T06:06:10.894Z'
}
{
  level: 'info',
  message: 'city',
  timestamp: '2022-05-23T06:06:10.895Z'
}
{
  level: 'error',
  message: 'err',
  timestamp: '2022-05-23T06:06:10.897Z'
}
{
  cod: '404',
  message: 'data city not found',
  level: 'info',
  timestamp: '2022-05-23T06:06:23.788Z'
}
{
  level: 'info',
  message: 'city',
  timestamp: '2022-05-23T06:06:23.788Z'
}
{
  level: 'error',
  message: 'err',
  timestamp: '2022-05-23T06:06:23.789Z'
}
{
  coord: { lon: 73.8553, lat: 18.5196 },
  weather: [ { id: 800, main: 'Clear', description: 'clear sky', icon: '01d' } ],
  base: 'stations',
  main: {
    temp: 32.99,
    feels_like: 32.79,
    temp_min: 32.99,
    temp_max: 32.99,
    pressure: 1005,
    humidity: 35,
    sea_level: 1005,
    grnd_level: 946
  },
  visibility: 10000,
  wind: { speed: 8.04, deg: 268, gust: 9.41 },
  clouds: { all: 2 },
  dt: 1653285601,
  sys: { country: 'IN', sunrise: 1653265731, sunset: 1653312843 },
  timezone: 19800,
  id: 1259229,
  name: 'Pune',
  cod: 200,
  level: 'info',
  message: 'data',
  timestamp: '2022-05-23T06:06:29.116Z'
}
{
  level: 'info',
  message: 'city',
  timestamp: '2022-05-23T06:06:29.117Z'
}
{
  cod: '404',
  message: 'data city not found',
  level: 'info',
  timestamp: '2022-05-23T06:06:36.894Z'
}
{
  level: 'info',
  message: 'city',
  timestamp: '2022-05-23T06:06:36.894Z'
}
{
  level: 'error',
  message: 'err',
  timestamp: '2022-05-23T06:06:36.895Z'
}
{
  coord: { lon: 73.8553, lat: 18.5196 },
  weather: [ { id: 800, main: 'Clear', description: 'clear sky', icon: '01d' } ],
  base: 'stations',
  main: {
    temp: 32.99,
    feels_like: 32.79,
    temp_min: 32.99,
    temp_max: 32.99,
    pressure: 1005,
    humidity: 35,
    sea_level: 1005,
    grnd_level: 946
  },
  visibility: 10000,
  wind: { speed: 8.04, deg: 268, gust: 9.41 },
  clouds: { all: 2 },
  dt: 1653285601,
  sys: { country: 'IN', sunrise: 1653265731, sunset: 1653312843 },
  timezone: 19800,
  id: 1259229,
  name: 'Pune',
  cod: 200,
  level: 'info',
  message: 'data',
  timestamp: '2022-05-23T06:08:24.309Z'
}
{
  level: 'info',
  message: 'city',
  timestamp: '2022-05-23T06:08:24.311Z'
}
{
  cod: '404',
  message: 'data city not found',
  level: 'info',
  timestamp: '2022-05-23T06:08:29.741Z'
}
{
  level: 'info',
  message: 'city',
  timestamp: '2022-05-23T06:08:29.742Z'
}
{
  level: 'error',
  message: 'err',
  timestamp: '2022-05-23T06:08:29.743Z'
}
{
  cod: '404',
  message: 'data city not found',
  level: 'info',
  timestamp: '2022-05-23T06:08:32.497Z'
}
{
  level: 'info',
  message: 'city',
  timestamp: '2022-05-23T06:08:32.497Z'
}
{
  level: 'error',
  message: 'err',
  timestamp: '2022-05-23T06:08:32.498Z'
}
{
  cod: '404',
  message: 'data city not found',
  level: 'info',
  timestamp: '2022-05-23T06:08:34.032Z'
}
{
  level: 'info',
  message: 'city',
  timestamp: '2022-05-23T06:08:34.032Z'
}
{
  level: 'error',
  message: 'err',
  timestamp: '2022-05-23T06:08:34.033Z'
}
{
  cod: '404',
  message: 'data city not found',
  level: 'info',
  timestamp: '2022-05-23T06:08:34.648Z'
}
{
  level: 'info',
  message: 'city',
  timestamp: '2022-05-23T06:08:34.648Z'
}
{
  level: 'error',
  message: 'err',
  timestamp: '2022-05-23T06:08:34.649Z'
}
{
  cod: '404',
  message: 'data city not found',
  level: 'info',
  timestamp: '2022-05-23T06:08:34.856Z'
}
{
  level: 'info',
  message: 'city',
  timestamp: '2022-05-23T06:08:34.856Z'
}
{
  level: 'error',
  message: 'err',
  timestamp: '2022-05-23T06:08:34.857Z'
}
{
  cod: '404',
  message: 'data city not found',
  level: 'info',
  timestamp: '2022-05-23T06:08:36.286Z'
}
{
  level: 'info',
  message: 'city',
  timestamp: '2022-05-23T06:08:36.286Z'
}
{
  level: 'error',
  message: 'err',
  timestamp: '2022-05-23T06:08:36.287Z'
}
{
  cod: '404',
  message: 'data city not found',
  level: 'info',
  timestamp: '2022-05-23T06:08:36.489Z'
}
{
  level: 'info',
  message: 'city',
  timestamp: '2022-05-23T06:08:36.489Z'
}
{
  level: 'error',
  message: 'err',
  timestamp: '2022-05-23T06:08:36.490Z'
}
{
  cod: '404',
  message: 'data city not found',
  level: 'info',
  timestamp: '2022-05-23T06:08:36.695Z'
}
{
  level: 'info',
  message: 'city',
  timestamp: '2022-05-23T06:08:36.695Z'
}
{
  level: 'error',
  message: 'err',
  timestamp: '2022-05-23T06:08:36.696Z'
}
{
  cod: '404',
  message: 'data city not found',
  level: 'info',
  timestamp: '2022-05-23T06:08:38.344Z'
}
{
  level: 'info',
  message: 'city',
  timestamp: '2022-05-23T06:08:38.344Z'
}
{
  level: 'error',
  message: 'err',
  timestamp: '2022-05-23T06:08:38.345Z'
}
{
  cod: '404',
  message: 'data city not found',
  level: 'info',
  timestamp: '2022-05-23T06:08:38.549Z'
}
{
  level: 'info',
  message: 'city',
  timestamp: '2022-05-23T06:08:38.550Z'
}
{
  level: 'error',
  message: 'err',
  timestamp: '2022-05-23T06:08:38.551Z'
}
{
  cod: '404',
  message: 'data city not found',
  level: 'info',
  timestamp: '2022-05-23T06:08:39.408Z'
}
{
  level: 'info',
  message: 'city',
  timestamp: '2022-05-23T06:08:39.408Z'
}
{
  level: 'error',
  message: 'err',
  timestamp: '2022-05-23T06:08:39.409Z'
}
{
  cod: '404',
  message: 'data city not found',
  level: 'info',
  timestamp: '2022-05-23T06:08:41.816Z'
}
{
  level: 'info',
  message: 'city',
  timestamp: '2022-05-23T06:08:41.816Z'
}
{
  level: 'error',
  message: 'err',
  timestamp: '2022-05-23T06:08:41.817Z'
}
{
  cod: '404',
  message: 'data city not found',
  level: 'info',
  timestamp: '2022-05-23T06:08:42.019Z'
}
{
  level: 'info',
  message: 'city',
  timestamp: '2022-05-23T06:08:42.020Z'
}
{
  level: 'error',
  message: 'err',
  timestamp: '2022-05-23T06:08:42.020Z'
}
{
  cod: '404',
  message: 'data city not found',
  level: 'info',
  timestamp: '2022-05-23T06:08:43.145Z'
}
{
  level: 'info',
  message: 'city',
  timestamp: '2022-05-23T06:08:43.145Z'
}
{
  level: 'error',
  message: 'err',
  timestamp: '2022-05-23T06:08:43.146Z'
}
{
  cod: '404',
  message: 'data city not found',
  level: 'info',
  timestamp: '2022-05-23T06:08:43.350Z'
}
{
  level: 'info',
  message: 'city',
  timestamp: '2022-05-23T06:08:43.350Z'
}
{
  level: 'error',
  message: 'err',
  timestamp: '2022-05-23T06:08:43.351Z'
}
{
  cod: '404',
  message: 'data city not found',
  level: 'info',
  timestamp: '2022-05-23T06:08:47.343Z'
}
{
  level: 'info',
  message: 'city',
  timestamp: '2022-05-23T06:08:47.343Z'
}
{
  level: 'error',
  message: 'err',
  timestamp: '2022-05-23T06:08:47.344Z'
}
{
  cod: '404',
  message: 'data city not found',
  level: 'info',
  timestamp: '2022-05-23T06:08:47.548Z'
}
{
  level: 'info',
  message: 'city',
  timestamp: '2022-05-23T06:08:47.548Z'
}
{
  level: 'error',
  message: 'err',
  timestamp: '2022-05-23T06:08:47.549Z'
}
{
  cod: '404',
  message: 'data city not found',
  level: 'info',
  timestamp: '2022-05-23T06:08:48.060Z'
}
{
  level: 'info',
  message: 'city',
  timestamp: '2022-05-23T06:08:48.061Z'
}
{
  level: 'error',
  message: 'err',
  timestamp: '2022-05-23T06:08:48.061Z'
}
{
  cod: '404',
  message: 'data city not found',
  level: 'info',
  timestamp: '2022-05-23T06:08:48.265Z'
}
{
  level: 'info',
  message: 'city',
  timestamp: '2022-05-23T06:08:48.265Z'
}
{
  level: 'error',
  message: 'err',
  timestamp: '2022-05-23T06:08:48.265Z'
}
{
  cod: '404',
  message: 'data city not found',
  level: 'info',
  timestamp: '2022-05-23T06:08:48.981Z'
}
{
  level: 'info',
  message: 'city',
  timestamp: '2022-05-23T06:08:48.981Z'
}
{
  level: 'error',
  message: 'err',
  timestamp: '2022-05-23T06:08:48.982Z'
}
{
  cod: '404',
  message: 'data city not found',
  level: 'info',
  timestamp: '2022-05-23T06:08:49.391Z'
}
{
  level: 'info',
  message: 'city',
  timestamp: '2022-05-23T06:08:49.391Z'
}
{
  level: 'error',
  message: 'err',
  timestamp: '2022-05-23T06:08:49.392Z'
}
{
  coord: { lon: 73.8553, lat: 18.5196 },
  weather: [ { id: 800, main: 'Clear', description: 'clear sky', icon: '01d' } ],
  base: 'stations',
  main: {
    temp: 32.99,
    feels_like: 32.79,
    temp_min: 32.99,
    temp_max: 32.99,
    pressure: 1005,
    humidity: 35,
    sea_level: 1005,
    grnd_level: 946
  },
  visibility: 10000,
  wind: { speed: 8.04, deg: 268, gust: 9.41 },
  clouds: { all: 2 },
  dt: 1653285601,
  sys: { country: 'IN', sunrise: 1653265731, sunset: 1653312843 },
  timezone: 19800,
  id: 1259229,
  name: 'Pune',
  cod: 200,
  level: 'info',
  message: 'data',
  timestamp: '2022-05-23T06:09:25.433Z'
}
{
  level: 'info',
  message: 'city',
  timestamp: '2022-05-23T06:09:25.434Z'
}
{
  coord: { lon: 73.8553, lat: 18.5196 },
  weather: [ { id: 800, main: 'Clear', description: 'clear sky', icon: '01d' } ],
  base: 'stations',
  main: {
    temp: 32.99,
    feels_like: 32.79,
    temp_min: 32.99,
    temp_max: 32.99,
    pressure: 1005,
    humidity: 35,
    sea_level: 1005,
    grnd_level: 946
  },
  visibility: 10000,
  wind: { speed: 8.04, deg: 268, gust: 9.41 },
  clouds: { all: 2 },
  dt: 1653286080,
  sys: { country: 'IN', sunrise: 1653265731, sunset: 1653312843 },
  timezone: 19800,
  id: 1259229,
  name: 'Pune',
  cod: 200,
  level: 'info',
  message: 'data',
  timestamp: '2022-05-23T06:09:25.740Z'
}
{
  level: 'info',
  message: 'city',
  timestamp: '2022-05-23T06:09:25.741Z'
}
{
  coord: { lon: 73.8553, lat: 18.5196 },
  weather: [ { id: 800, main: 'Clear', description: 'clear sky', icon: '01d' } ],
  base: 'stations',
  main: {
    temp: 32.99,
    feels_like: 32.79,
    temp_min: 32.99,
    temp_max: 32.99,
    pressure: 1005,
    humidity: 35,
    sea_level: 1005,
    grnd_level: 946
  },
  visibility: 10000,
  wind: { speed: 8.04, deg: 268, gust: 9.41 },
  clouds: { all: 2 },
  dt: 1653286080,
  sys: { country: 'IN', sunrise: 1653265731, sunset: 1653312843 },
  timezone: 19800,
  id: 1259229,
  name: 'Pune',
  cod: 200,
  level: 'info',
  message: 'data',
  timestamp: '2022-05-23T06:09:25.741Z'
}
{
  level: 'info',
  message: 'city',
  timestamp: '2022-05-23T06:09:25.741Z'
}
{
  coord: { lon: 73.8553, lat: 18.5196 },
  weather: [ { id: 800, main: 'Clear', description: 'clear sky', icon: '01d' } ],
  base: 'stations',
  main: {
    temp: 32.99,
    feels_like: 32.79,
    temp_min: 32.99,
    temp_max: 32.99,
    pressure: 1005,
    humidity: 35,
    sea_level: 1005,
    grnd_level: 946
  },
  visibility: 10000,
  wind: { speed: 8.04, deg: 268, gust: 9.41 },
  clouds: { all: 2 },
  dt: 1653286145,
  sys: { country: 'IN', sunrise: 1653265731, sunset: 1653312843 },
  timezone: 19800,
  id: 1259229,
  name: 'Pune',
  cod: 200,
  level: 'info',
  message: 'data',
  timestamp: '2022-05-23T06:09:40.383Z'
}
{
  level: 'info',
  message: 'city',
  timestamp: '2022-05-23T06:09:40.383Z'
}
{
  cod: '404',
  message: 'data city not found',
  level: 'info',
  timestamp: '2022-05-23T06:09:46.528Z'
}
{
  level: 'info',
  message: 'city',
  timestamp: '2022-05-23T06:09:46.528Z'
}
{
  level: 'error',
  message: 'err',
  timestamp: '2022-05-23T06:09:46.529Z'
}
{
  cod: '404',
  message: 'data city not found',
  level: 'info',
  timestamp: '2022-05-23T06:09:48.835Z'
}
{
  level: 'info',
  message: 'city',
  timestamp: '2022-05-23T06:09:48.835Z'
}
{
  level: 'error',
  message: 'err',
  timestamp: '2022-05-23T06:09:48.836Z'
}
{
  cod: '404',
  message: 'data city not found',
  level: 'info',
  timestamp: '2022-05-23T06:09:49.393Z'
}
{
  level: 'info',
  message: 'city',
  timestamp: '2022-05-23T06:09:49.393Z'
}
{
  level: 'error',
  message: 'err',
  timestamp: '2022-05-23T06:09:49.394Z'
}
{
  cod: '404',
  message: 'data city not found',
  level: 'info',
  timestamp: '2022-05-23T06:09:49.700Z'
}
{
  level: 'info',
  message: 'city',
  timestamp: '2022-05-23T06:09:49.701Z'
}
{
  level: 'error',
  message: 'err',
  timestamp: '2022-05-23T06:09:49.701Z'
}
{
  cod: '404',
  message: 'data city not found',
  level: 'info',
  timestamp: '2022-05-23T06:09:53.695Z'
}
{
  level: 'info',
  message: 'city',
  timestamp: '2022-05-23T06:09:53.695Z'
}
{
  level: 'error',
  message: 'err',
  timestamp: '2022-05-23T06:09:53.696Z'
}
{
  cod: '404',
  message: 'data city not found',
  level: 'info',
  timestamp: '2022-05-23T06:09:54.924Z'
}
{
  level: 'info',
  message: 'city',
  timestamp: '2022-05-23T06:09:54.925Z'
}
{
  level: 'error',
  message: 'err',
  timestamp: '2022-05-23T06:09:54.926Z'
}
{
  coord: { lon: 73.8553, lat: 18.5196 },
  weather: [ { id: 800, main: 'Clear', description: 'clear sky', icon: '01d' } ],
  base: 'stations',
  main: {
    temp: 32.99,
    feels_like: 32.79,
    temp_min: 32.99,
    temp_max: 32.99,
    pressure: 1005,
    humidity: 35,
    sea_level: 1005,
    grnd_level: 946
  },
  visibility: 10000,
  wind: { speed: 8.04, deg: 268, gust: 9.41 },
  clouds: { all: 2 },
  dt: 1653286145,
  sys: { country: 'IN', sunrise: 1653265731, sunset: 1653312843 },
  timezone: 19800,
  id: 1259229,
  name: 'Pune',
  cod: 200,
  level: 'info',
  message: 'data',
  timestamp: '2022-05-23T06:10:12.842Z'
}
{
  level: 'info',
  message: 'city',
  timestamp: '2022-05-23T06:10:12.842Z'
}
{
  cod: '404',
  message: 'data city not found',
  level: 'info',
  timestamp: '2022-05-23T06:10:17.961Z'
}
{
  level: 'info',
  message: 'city',
  timestamp: '2022-05-23T06:10:17.962Z'
}
{
  level: 'error',
  message: 'err',
  timestamp: '2022-05-23T06:10:17.962Z'
}
{
  cod: '404',
  message: 'data city not found',
  level: 'info',
  timestamp: '2022-05-23T06:10:26.465Z'
}
{
  level: 'info',
  message: 'city',
  timestamp: '2022-05-23T06:10:26.465Z'
}
{
  level: 'error',
  message: 'err',
  timestamp: '2022-05-23T06:10:26.466Z'
}
{
  coord: { lon: 73.8553, lat: 18.5196 },
  weather: [ { id: 800, main: 'Clear', description: 'clear sky', icon: '01d' } ],
  base: 'stations',
  main: {
    temp: 32.99,
    feels_like: 32.79,
    temp_min: 32.99,
    temp_max: 32.99,
    pressure: 1005,
    humidity: 35,
    sea_level: 1005,
    grnd_level: 946
  },
  visibility: 10000,
  wind: { speed: 8.04, deg: 268, gust: 9.41 },
  clouds: { all: 2 },
  dt: 1653286145,
  sys: { country: 'IN', sunrise: 1653265731, sunset: 1653312843 },
  timezone: 19800,
  id: 1259229,
  name: 'Pune',
  cod: 200,
  level: 'info',
  message: 'data',
  timestamp: '2022-05-23T06:10:32.402Z'
}
{
  level: 'info',
  message: 'city',
  timestamp: '2022-05-23T06:10:32.402Z'
}
{
  cod: '404',
  message: 'data city not found',
  level: 'info',
  timestamp: '2022-05-23T06:11:16.840Z'
}
{
  level: 'info',
  message: 'city',
  timestamp: '2022-05-23T06:11:16.841Z'
}
{
  level: 'error',
  message: 'err',
  timestamp: '2022-05-23T06:11:16.841Z'
}
{
  coord: { lon: 73.8553, lat: 18.5196 },
  weather: [ { id: 800, main: 'Clear', description: 'clear sky', icon: '01d' } ],
  base: 'stations',
  main: {
    temp: 32.99,
    feels_like: 32.79,
    temp_min: 32.99,
    temp_max: 32.99,
    pressure: 1005,
    humidity: 35,
    sea_level: 1005,
    grnd_level: 946
  },
  visibility: 10000,
  wind: { speed: 8.04, deg: 268, gust: 9.41 },
  clouds: { all: 2 },
  dt: 1653286145,
  sys: { country: 'IN', sunrise: 1653265731, sunset: 1653312843 },
  timezone: 19800,
  id: 1259229,
  name: 'Pune',
  cod: 200,
  level: 'info',
  message: 'data',
  timestamp: '2022-05-23T06:13:20.835Z'
}
{
  level: 'info',
  message: 'city',
  timestamp: '2022-05-23T06:13:20.835Z'
}
{
  coord: { lon: 73.8553, lat: 18.5196 },
  weather: [ { id: 800, main: 'Clear', description: 'clear sky', icon: '01d' } ],
  base: 'stations',
  main: {
    temp: 32.99,
    feels_like: 32.79,
    temp_min: 32.99,
    temp_max: 32.99,
    pressure: 1005,
    humidity: 35,
    sea_level: 1005,
    grnd_level: 946
  },
  visibility: 10000,
  wind: { speed: 8.04, deg: 268, gust: 9.41 },
  clouds: { all: 2 },
  dt: 1653286145,
  sys: { country: 'IN', sunrise: 1653265731, sunset: 1653312843 },
  timezone: 19800,
  id: 1259229,
  name: 'Pune',
  cod: 200,
  level: 'info',
  message: 'data',
  timestamp: '2022-05-23T06:13:21.668Z'
}
{
  level: 'info',
  message: 'city',
  timestamp: '2022-05-23T06:13:21.669Z'
}
{
  cod: '404',
  message: 'data city not found',
  level: 'info',
  timestamp: '2022-05-23T06:13:26.467Z'
}
{
  level: 'info',
  message: 'city',
  timestamp: '2022-05-23T06:13:26.467Z'
}
{
  level: 'error',
  message: 'err',
  timestamp: '2022-05-23T06:13:26.468Z'
}
{
  coord: { lon: 73.8553, lat: 18.5196 },
  weather: [ { id: 800, main: 'Clear', description: 'clear sky', icon: '01d' } ],
  base: 'stations',
  main: {
    temp: 32.99,
    feels_like: 32.79,
    temp_min: 32.99,
    temp_max: 32.99,
    pressure: 1005,
    humidity: 35,
    sea_level: 1005,
    grnd_level: 946
  },
  visibility: 10000,
  wind: { speed: 8.04, deg: 268, gust: 9.41 },
  clouds: { all: 2 },
  dt: 1653286145,
  sys: { country: 'IN', sunrise: 1653265731, sunset: 1653312843 },
  timezone: 19800,
  id: 1259229,
  name: 'Pune',
  cod: 200,
  level: 'info',
  message: 'data',
  timestamp: '2022-05-23T06:15:38.866Z'
}
{
  level: 'info',
  message: 'city',
  timestamp: '2022-05-23T06:15:38.868Z'
}
{
  cod: '404',
  message: 'data city not found',
  level: 'info',
  timestamp: '2022-05-23T06:15:44.289Z'
}
{
  level: 'info',
  message: 'city',
  timestamp: '2022-05-23T06:15:44.290Z'
}
{
  level: 'error',
  message: 'err',
  timestamp: '2022-05-23T06:15:44.291Z'
}
{
  cod: '400',
  message: 'data Nothing to geocode',
  level: 'info',
  timestamp: '2022-05-23T06:15:48.896Z'
}
{
  level: 'info',
  message: 'city',
  timestamp: '2022-05-23T06:15:48.897Z'
}
{
  level: 'error',
  message: 'err',
  timestamp: '2022-05-23T06:15:48.898Z'
}
