{
  level: 'error',
  message: 'err',
  timestamp: '2022-05-22T16:52:07.984Z'
}
{
  level: 'error',
  message: 'err',
  timestamp: '2022-05-22T16:52:09.089Z'
}
{
  level: 'error',
  message: 'err',
  timestamp: '2022-05-22T16:52:41.542Z'
}
{
  level: 'error',
  message: 'err',
  timestamp: '2022-05-22T16:52:52.872Z'
}
{
  level: 'error',
  message: 'err',
  timestamp: '2022-05-22T16:52:53.379Z'
}
{
  level: 'error',
  message: 'err',
  timestamp: '2022-05-22T16:53:31.688Z'
}
{
  level: 'error',
  message: 'err',
  timestamp: '2022-05-22T16:53:38.079Z'
}
{
  level: 'error',
  message: 'err',
  timestamp: '2022-05-22T16:53:38.252Z'
}
{
  level: 'error',
  message: 'err',
  timestamp: '2022-05-22T17:35:56.805Z'
}
{
  level: 'error',
  message: 'err',
  timestamp: '2022-05-23T06:00:07.801Z'
}
{
  level: 'error',
  message: 'err',
  timestamp: '2022-05-23T06:00:31.752Z'
}
{
  level: 'error',
  message: 'err',
  timestamp: '2022-05-23T06:04:02.432Z'
}
{
  level: 'error',
  message: 'err',
  timestamp: '2022-05-23T06:04:03.510Z'
}
{
  level: 'error',
  message: 'err',
  timestamp: '2022-05-23T06:05:01.724Z'
}
{
  level: 'error',
  message: 'err',
  timestamp: '2022-05-23T06:05:19.104Z'
}
{
  level: 'error',
  message: 'err',
  timestamp: '2022-05-23T06:05:29.368Z'
}
{
  level: 'error',
  message: 'err',
  timestamp: '2022-05-23T06:05:29.371Z'
}
{
  level: 'error',
  message: 'err',
  timestamp: '2022-05-23T06:05:29.372Z'
}
{
  level: 'error',
  message: 'err',
  timestamp: '2022-05-23T06:05:29.373Z'
}
{
  level: 'error',
  message: 'err',
  timestamp: '2022-05-23T06:05:30.750Z'
}
{
  level: 'error',
  message: 'err',
  timestamp: '2022-05-23T06:05:37.508Z'
}
{
  level: 'error',
  message: 'err',
  timestamp: '2022-05-23T06:05:49.795Z'
}
{
  level: 'error',
  message: 'err',
  timestamp: '2022-05-23T06:06:10.897Z'
}
{
  level: 'error',
  message: 'err',
  timestamp: '2022-05-23T06:06:23.789Z'
}
{
  level: 'error',
  message: 'err',
  timestamp: '2022-05-23T06:06:36.895Z'
}
{
  level: 'error',
  message: 'err',
  timestamp: '2022-05-23T06:08:29.743Z'
}
{
  level: 'error',
  message: 'err',
  timestamp: '2022-05-23T06:08:32.498Z'
}
{
  level: 'error',
  message: 'err',
  timestamp: '2022-05-23T06:08:34.033Z'
}
{
  level: 'error',
  message: 'err',
  timestamp: '2022-05-23T06:08:34.649Z'
}
{
  level: 'error',
  message: 'err',
  timestamp: '2022-05-23T06:08:34.857Z'
}
{
  level: 'error',
  message: 'err',
  timestamp: '2022-05-23T06:08:36.287Z'
}
{
  level: 'error',
  message: 'err',
  timestamp: '2022-05-23T06:08:36.490Z'
}
{
  level: 'error',
  message: 'err',
  timestamp: '2022-05-23T06:08:36.696Z'
}
{
  level: 'error',
  message: 'err',
  timestamp: '2022-05-23T06:08:38.345Z'
}
{
  level: 'error',
  message: 'err',
  timestamp: '2022-05-23T06:08:38.551Z'
}
{
  level: 'error',
  message: 'err',
  timestamp: '2022-05-23T06:08:39.409Z'
}
{
  level: 'error',
  message: 'err',
  timestamp: '2022-05-23T06:08:41.817Z'
}
{
  level: 'error',
  message: 'err',
  timestamp: '2022-05-23T06:08:42.020Z'
}
{
  level: 'error',
  message: 'err',
  timestamp: '2022-05-23T06:08:43.146Z'
}
{
  level: 'error',
  message: 'err',
  timestamp: '2022-05-23T06:08:43.351Z'
}
{
  level: 'error',
  message: 'err',
  timestamp: '2022-05-23T06:08:47.344Z'
}
{
  level: 'error',
  message: 'err',
  timestamp: '2022-05-23T06:08:47.549Z'
}
{
  level: 'error',
  message: 'err',
  timestamp: '2022-05-23T06:08:48.061Z'
}
{
  level: 'error',
  message: 'err',
  timestamp: '2022-05-23T06:08:48.265Z'
}
{
  level: 'error',
  message: 'err',
  timestamp: '2022-05-23T06:08:48.982Z'
}
{
  level: 'error',
  message: 'err',
  timestamp: '2022-05-23T06:08:49.392Z'
}
{
  level: 'error',
  message: 'err',
  timestamp: '2022-05-23T06:09:46.529Z'
}
{
  level: 'error',
  message: 'err',
  timestamp: '2022-05-23T06:09:48.836Z'
}
{
  level: 'error',
  message: 'err',
  timestamp: '2022-05-23T06:09:49.394Z'
}
{
  level: 'error',
  message: 'err',
  timestamp: '2022-05-23T06:09:49.701Z'
}
{
  level: 'error',
  message: 'err',
  timestamp: '2022-05-23T06:09:53.696Z'
}
{
  level: 'error',
  message: 'err',
  timestamp: '2022-05-23T06:09:54.926Z'
}
{
  level: 'error',
  message: 'err',
  timestamp: '2022-05-23T06:10:17.962Z'
}
{
  level: 'error',
  message: 'err',
  timestamp: '2022-05-23T06:10:26.466Z'
}
{
  level: 'error',
  message: 'err',
  timestamp: '2022-05-23T06:11:16.841Z'
}
{
  level: 'error',
  message: 'err',
  timestamp: '2022-05-23T06:13:26.468Z'
}
{
  level: 'error',
  message: 'err',
  timestamp: '2022-05-23T06:15:44.291Z'
}
{
  level: 'error',
  message: 'err',
  timestamp: '2022-05-23T06:15:48.898Z'
}
